<?xml version="1.0" encoding="UTF-8"?>
<!-- Generated by org.testng.reporters.JUnitXMLReporter -->
<testsuite ignored="0" hostname="ATMECSINLT-601" failures="1" tests="6" name="Default test" time="23.831" errors="0" timestamp="2020-10-05T13:51:36 IST">
  <testcase classname="com.atmecs.handling_frames.basetest.BaseTest" name="@BeforeMethod beforeTest" time="3.989">
    <failure type="org.openqa.selenium.WebDriverException" message="unknown error: cannot determine loading status
from disconnected: received Inspector.detached event
  (Session info: chrome=85.0.4183.121)
Build info: version: &amp;apos;3.141.59&amp;apos;, revision: &amp;apos;e82be7d358&amp;apos;, time: &amp;apos;2018-11-14T08:17:03&amp;apos;
System info: host: &amp;apos;ATMECSINLT-601&amp;apos;, ip: &amp;apos;192.168.163.1&amp;apos;, os.name: &amp;apos;Windows 10&amp;apos;, os.arch: &amp;apos;amd64&amp;apos;, os.version: &amp;apos;10.0&amp;apos;, java.version: &amp;apos;14.0.1&amp;apos;
Driver info: org.openqa.selenium.chrome.ChromeDriver
Capabilities {acceptInsecureCerts: false, browserName: chrome, browserVersion: 85.0.4183.121, chrome: {chromedriverVersion: 85.0.4183.83 (94abc2237ae0c..., userDataDir: C:\Users\ALFIN~1.ANT\AppDat...}, goog:chromeOptions: {debuggerAddress: localhost:58872}, javascriptEnabled: true, networkConnectionEnabled: false, pageLoadStrategy: normal, platform: WINDOWS, platformName: WINDOWS, proxy: Proxy(), setWindowRect: true, strictFileInteractability: false, timeouts: {implicit: 0, pageLoad: 300000, script: 30000}, unhandledPromptBehavior: dismiss and notify, webauthn:virtualAuthenticators: true}
Session ID: 7ebeeb22d1f0a2195730a9b5e5041c60">
      <![CDATA[org.openqa.selenium.WebDriverException: unknown error: cannot determine loading status
from disconnected: received Inspector.detached event
  (Session info: chrome=85.0.4183.121)
Build info: version: '3.141.59', revision: 'e82be7d358', time: '2018-11-14T08:17:03'
System info: host: 'ATMECSINLT-601', ip: '192.168.163.1', os.name: 'Windows 10', os.arch: 'amd64', os.version: '10.0', java.version: '14.0.1'
Driver info: org.openqa.selenium.chrome.ChromeDriver
Capabilities {acceptInsecureCerts: false, browserName: chrome, browserVersion: 85.0.4183.121, chrome: {chromedriverVersion: 85.0.4183.83 (94abc2237ae0c..., userDataDir: C:\Users\ALFIN~1.ANT\AppDat...}, goog:chromeOptions: {debuggerAddress: localhost:58872}, javascriptEnabled: true, networkConnectionEnabled: false, pageLoadStrategy: normal, platform: WINDOWS, platformName: WINDOWS, proxy: Proxy(), setWindowRect: true, strictFileInteractability: false, timeouts: {implicit: 0, pageLoad: 300000, script: 30000}, unhandledPromptBehavior: dismiss and notify, webauthn:virtualAuthenticators: true}
Session ID: 7ebeeb22d1f0a2195730a9b5e5041c60
at java.base/jdk.internal.reflect.NativeConstructorAccessorImpl.newInstance0(Native Method)
at java.base/jdk.internal.reflect.NativeConstructorAccessorImpl.newInstance(NativeConstructorAccessorImpl.java:62)
at java.base/jdk.internal.reflect.DelegatingConstructorAccessorImpl.newInstance(DelegatingConstructorAccessorImpl.java:45)
at java.base/java.lang.reflect.Constructor.newInstanceWithCaller(Constructor.java:500)
at java.base/java.lang.reflect.Constructor.newInstance(Constructor.java:481)
at org.openqa.selenium.remote.http.W3CHttpResponseCodec.createException(W3CHttpResponseCodec.java:187)
at org.openqa.selenium.remote.http.W3CHttpResponseCodec.decode(W3CHttpResponseCodec.java:122)
at org.openqa.selenium.remote.http.W3CHttpResponseCodec.decode(W3CHttpResponseCodec.java:49)
at org.openqa.selenium.remote.HttpCommandExecutor.execute(HttpCommandExecutor.java:158)
at org.openqa.selenium.remote.service.DriverCommandExecutor.execute(DriverCommandExecutor.java:83)
at org.openqa.selenium.remote.RemoteWebDriver.execute(RemoteWebDriver.java:552)
at org.openqa.selenium.remote.RemoteWebDriver.get(RemoteWebDriver.java:277)
at com.atmecs.handling_frames.basetest.BaseTest.beforeTest(BaseTest.java:31)
at java.base/jdk.internal.reflect.NativeMethodAccessorImpl.invoke0(Native Method)
at java.base/jdk.internal.reflect.NativeMethodAccessorImpl.invoke(NativeMethodAccessorImpl.java:62)
at java.base/jdk.internal.reflect.DelegatingMethodAccessorImpl.invoke(DelegatingMethodAccessorImpl.java:43)
at java.base/java.lang.reflect.Method.invoke(Method.java:564)
at org.testng.internal.MethodInvocationHelper.invokeMethod(MethodInvocationHelper.java:135)
at org.testng.internal.MethodInvocationHelper.invokeMethodConsideringTimeout(MethodInvocationHelper.java:64)
at org.testng.internal.ConfigInvoker.invokeConfigurationMethod(ConfigInvoker.java:364)
at org.testng.internal.ConfigInvoker.invokeConfigurations(ConfigInvoker.java:318)
at org.testng.internal.TestInvoker.runConfigMethods(TestInvoker.java:700)
at org.testng.internal.TestInvoker.invokeMethod(TestInvoker.java:527)
at org.testng.internal.TestInvoker.invokeTestMethod(TestInvoker.java:174)
at org.testng.internal.MethodRunner.runInSequence(MethodRunner.java:46)
at org.testng.internal.TestInvoker$MethodInvocationAgent.invoke(TestInvoker.java:821)
at org.testng.internal.TestInvoker.invokeTestMethods(TestInvoker.java:147)
at org.testng.internal.TestMethodWorker.invokeTestMethods(TestMethodWorker.java:146)
at org.testng.internal.TestMethodWorker.run(TestMethodWorker.java:128)
at java.base/java.util.ArrayList.forEach(ArrayList.java:1510)
at org.testng.TestRunner.privateRun(TestRunner.java:767)
at org.testng.TestRunner.run(TestRunner.java:588)
at org.testng.SuiteRunner.runTest(SuiteRunner.java:384)
at org.testng.SuiteRunner.runSequentially(SuiteRunner.java:378)
at org.testng.SuiteRunner.privateRun(SuiteRunner.java:337)
at org.testng.SuiteRunner.run(SuiteRunner.java:286)
at org.testng.SuiteRunnerWorker.runSuite(SuiteRunnerWorker.java:53)
at org.testng.SuiteRunnerWorker.run(SuiteRunnerWorker.java:96)
at org.testng.TestNG.runSuitesSequentially(TestNG.java:1214)
at org.testng.TestNG.runSuitesLocally(TestNG.java:1136)
at org.testng.TestNG.runSuites(TestNG.java:1066)
at org.testng.TestNG.run(TestNG.java:1034)
at org.testng.remote.AbstractRemoteTestNG.run(AbstractRemoteTestNG.java:115)
at org.testng.remote.RemoteTestNG.initAndRun(RemoteTestNG.java:251)
at org.testng.remote.RemoteTestNG.main(RemoteTestNG.java:77)
]]>
    </failure>
  </testcase> <!-- @BeforeMethod beforeTest -->
  <testcase classname="com.atmecs.handling_frames.basetest.BaseTest" name="@AfterMethod afterTest" time="-1.601886096452E9">
    <skipped/>
  </testcase> <!-- @AfterMethod afterTest -->
  <testcase classname="com.atmecs.handling_frames.basetest.BaseTest" name="@BeforeMethod beforeTest" time="-1.601886096454E9">
    <skipped/>
  </testcase> <!-- @BeforeMethod beforeTest -->
  <testcase classname="com.atmecs.handling_frames.basetest.BaseTest" name="@AfterMethod afterTest" time="-1.601886096464E9">
    <skipped/>
  </testcase> <!-- @AfterMethod afterTest -->
  <testcase classname="com.atmecs.handling_frames.basetest.BaseTest" name="@BeforeMethod beforeTest" time="-1.601886096466E9">
    <skipped/>
  </testcase> <!-- @BeforeMethod beforeTest -->
  <testcase classname="com.atmecs.handling_frames.basetest.BaseTest" name="@AfterMethod afterTest" time="-1.601886096474E9">
    <skipped/>
  </testcase> <!-- @AfterMethod afterTest -->
  <testcase classname="com.atmecs.handling_frames.basetest.BaseTest" name="@BeforeMethod beforeTest" time="-1.601886096476E9">
    <skipped/>
  </testcase> <!-- @BeforeMethod beforeTest -->
  <testcase classname="com.atmecs.handling_frames.basetest.BaseTest" name="@AfterMethod afterTest" time="-1.601886096483E9">
    <skipped/>
  </testcase> <!-- @AfterMethod afterTest -->
  <testcase classname="com.atmecs.handling_frames.basetest.BaseTest" name="@BeforeMethod beforeTest" time="-1.601886096484E9">
    <skipped/>
  </testcase> <!-- @BeforeMethod beforeTest -->
  <testcase classname="com.atmecs.handling_frames.basetest.BaseTest" name="@AfterMethod afterTest" time="-1.60188609649E9">
    <skipped/>
  </testcase> <!-- @AfterMethod afterTest -->
  <testcase classname="com.atmecs.handling_frames.tests.HandlingFrames" name="handlingFrames" time="8.421">
    <failure type="java.lang.IllegalAccessError" message="class com.atmecs.handling_frames.pagehelper.HandlingFramesUsingJS (in unnamed module @0x2364305a) cannot access class com.sun.tools.sjavac.Log (in module jdk.compiler) because module jdk.compiler does not export com.sun.tools.sjavac to unnamed module @0x2364305a">
      <![CDATA[java.lang.IllegalAccessError: class com.atmecs.handling_frames.pagehelper.HandlingFramesUsingJS (in unnamed module @0x2364305a) cannot access class com.sun.tools.sjavac.Log (in module jdk.compiler) because module jdk.compiler does not export com.sun.tools.sjavac to unnamed module @0x2364305a
at com.atmecs.handling_frames.pagehelper.HandlingFramesUsingJS.handlingFrameAndClickChatIconTest(HandlingFramesUsingJS.java:37)
at com.atmecs.handling_frames.tests.HandlingFrames.handlingFrames(HandlingFrames.java:33)
at java.base/jdk.internal.reflect.NativeMethodAccessorImpl.invoke0(Native Method)
at java.base/jdk.internal.reflect.NativeMethodAccessorImpl.invoke(NativeMethodAccessorImpl.java:62)
at java.base/jdk.internal.reflect.DelegatingMethodAccessorImpl.invoke(DelegatingMethodAccessorImpl.java:43)
at java.base/java.lang.reflect.Method.invoke(Method.java:564)
at org.testng.internal.MethodInvocationHelper.invokeMethod(MethodInvocationHelper.java:135)
at org.testng.internal.TestInvoker.invokeMethod(TestInvoker.java:598)
at org.testng.internal.TestInvoker.invokeTestMethod(TestInvoker.java:174)
at org.testng.internal.MethodRunner.runInSequence(MethodRunner.java:46)
at org.testng.internal.TestInvoker$MethodInvocationAgent.invoke(TestInvoker.java:821)
at org.testng.internal.TestInvoker.invokeTestMethods(TestInvoker.java:147)
at org.testng.internal.TestMethodWorker.invokeTestMethods(TestMethodWorker.java:146)
at org.testng.internal.TestMethodWorker.run(TestMethodWorker.java:128)
at java.base/java.util.ArrayList.forEach(ArrayList.java:1510)
at org.testng.TestRunner.privateRun(TestRunner.java:767)
at org.testng.TestRunner.run(TestRunner.java:588)
at org.testng.SuiteRunner.runTest(SuiteRunner.java:384)
at org.testng.SuiteRunner.runSequentially(SuiteRunner.java:378)
at org.testng.SuiteRunner.privateRun(SuiteRunner.java:337)
at org.testng.SuiteRunner.run(SuiteRunner.java:286)
at org.testng.SuiteRunnerWorker.runSuite(SuiteRunnerWorker.java:53)
at org.testng.SuiteRunnerWorker.run(SuiteRunnerWorker.java:96)
at org.testng.TestNG.runSuitesSequentially(TestNG.java:1214)
at org.testng.TestNG.runSuitesLocally(TestNG.java:1136)
at org.testng.TestNG.runSuites(TestNG.java:1066)
at org.testng.TestNG.run(TestNG.java:1034)
at org.testng.remote.AbstractRemoteTestNG.run(AbstractRemoteTestNG.java:115)
at org.testng.remote.RemoteTestNG.initAndRun(RemoteTestNG.java:251)
at org.testng.remote.RemoteTestNG.main(RemoteTestNG.java:77)
]]>
    </failure>
  </testcase> <!-- handlingFrames -->
  <testcase classname="com.atmecs.handling_frames.tests.HandlingFrames" name="handlingFrames" time="0.0">
    <skipped/>
  </testcase> <!-- handlingFrames -->
  <testcase classname="com.atmecs.handling_frames.tests.HandlingFrames" name="handlingFrames" time="0.0">
    <skipped/>
  </testcase> <!-- handlingFrames -->
  <testcase classname="com.atmecs.handling_frames.tests.HandlingFrames" name="handlingFrames" time="0.0">
    <skipped/>
  </testcase> <!-- handlingFrames -->
  <testcase classname="com.atmecs.handling_frames.tests.HandlingFrames" name="handlingFrames" time="0.0">
    <skipped/>
  </testcase> <!-- handlingFrames -->
  <testcase classname="com.atmecs.handling_frames.tests.HandlingFrames" name="handlingFrames" time="0.001">
    <skipped/>
  </testcase> <!-- handlingFrames -->
</testsuite> <!-- Default test -->
